2018-07-17 20:16:05,954  INFO TokenApiApplication:48 - Starting TokenApiApplication on DESKTOP-CMKAAVP with PID 5192 (D:\IdeaProjects\51token\token-api\target\classes started by TQ in D:\IdeaProjects\51token)
2018-07-17 20:16:05,963 DEBUG TokenApiApplication:51 - Running with Spring Boot v1.5.14.RELEASE, Spring v4.3.18.RELEASE
2018-07-17 20:16:05,965  INFO TokenApiApplication:597 - The following profiles are active: dev
2018-07-17 20:16:06,069  INFO AnnotationConfigEmbeddedWebApplicationContext:583 - Refreshing org.springframework.boot.context.embedded.AnnotationConfigEmbeddedWebApplicationContext@78186a70: startup date [Tue Jul 17 20:16:06 CST 2018]; root of context hierarchy
2018-07-17 20:16:06,485  INFO Version:30 - HV000001: Hibernate Validator 5.3.6.Final
2018-07-17 20:16:07,975  INFO PostProcessorRegistrationDelegate$BeanPostProcessorChecker:327 - Bean 'org.springframework.transaction.annotation.ProxyTransactionManagementConfiguration' of type [org.springframework.transaction.annotation.ProxyTransactionManagementConfiguration$$EnhancerBySpringCGLIB$$bc707856] is not eligible for getting processed by all BeanPostProcessors (for example: not eligible for auto-proxying)
2018-07-17 20:16:08,546  INFO TomcatEmbeddedServletContainer:92 - Tomcat initialized with port(s): 8080 (http)
2018-07-17 20:16:08,721  INFO ContextLoader:276 - Root WebApplicationContext: initialization completed in 2659 ms
2018-07-17 20:16:09,277  INFO ServletRegistrationBean:191 - Mapping servlet: 'dispatcherServlet' to [/]
2018-07-17 20:16:09,287  INFO FilterRegistrationBean:259 - Mapping filter: 'characterEncodingFilter' to: [/*]
2018-07-17 20:16:09,288  INFO FilterRegistrationBean:259 - Mapping filter: 'hiddenHttpMethodFilter' to: [/*]
2018-07-17 20:16:09,288  INFO FilterRegistrationBean:259 - Mapping filter: 'httpPutFormContentFilter' to: [/*]
2018-07-17 20:16:09,289  INFO FilterRegistrationBean:259 - Mapping filter: 'requestContextFilter' to: [/*]
2018-07-17 20:16:10,092  WARN AnnotationConfigEmbeddedWebApplicationContext:551 - Exception encountered during context initialization - cancelling refresh attempt: org.springframework.beans.factory.UnsatisfiedDependencyException: Error creating bean with name 'goodsInfoController': Unsatisfied dependency expressed through field 'goodsInfoService'; nested exception is org.springframework.beans.factory.UnsatisfiedDependencyException: Error creating bean with name 'goodsInfoService': Unsatisfied dependency expressed through field 'goodsCategoryMapper'; nested exception is org.springframework.beans.factory.UnsatisfiedDependencyException: Error creating bean with name 'goodsCategoryMapper' defined in file [D:\IdeaProjects\51token\token-api\target\classes\com\sharex\token\api\mapper\GoodsCategoryMapper.class]: Unsatisfied dependency expressed through bean property 'sqlSessionFactory'; nested exception is org.springframework.beans.factory.BeanCreationException: Error creating bean with name 'sqlSessionFactory' defined in class path resource [org/mybatis/spring/boot/autoconfigure/MybatisAutoConfiguration.class]: Bean instantiation via factory method failed; nested exception is org.springframework.beans.BeanInstantiationException: Failed to instantiate [org.apache.ibatis.session.SqlSessionFactory]: Factory method 'sqlSessionFactory' threw exception; nested exception is org.springframework.core.NestedIOException: Failed to parse mapping resource: 'file [D:\IdeaProjects\51token\token-api\target\classes\mappers\GoodsCategoryMapper.xml]'; nested exception is org.apache.ibatis.builder.BuilderException: Error parsing Mapper XML. The XML location is 'file [D:\IdeaProjects\51token\token-api\target\classes\mappers\GoodsCategoryMapper.xml]'. Cause: org.apache.ibatis.builder.BuilderException: Error resolving class. Cause: org.apache.ibatis.type.TypeException: Could not resolve type alias 'com.kingworld.miniprogram.api.entity.GoodsCategory'.  Cause: java.lang.ClassNotFoundException: Cannot find class: com.kingworld.miniprogram.api.entity.GoodsCategory
2018-07-17 20:16:10,114  INFO AutoConfigurationReportLoggingInitializer:101 - 

Error starting ApplicationContext. To display the auto-configuration report re-run your application with 'debug' enabled.
2018-07-17 20:16:10,121 ERROR SpringApplication:771 - Application startup failed
org.springframework.beans.factory.UnsatisfiedDependencyException: Error creating bean with name 'goodsInfoController': Unsatisfied dependency expressed through field 'goodsInfoService'; nested exception is org.springframework.beans.factory.UnsatisfiedDependencyException: Error creating bean with name 'goodsInfoService': Unsatisfied dependency expressed through field 'goodsCategoryMapper'; nested exception is org.springframework.beans.factory.UnsatisfiedDependencyException: Error creating bean with name 'goodsCategoryMapper' defined in file [D:\IdeaProjects\51token\token-api\target\classes\com\sharex\token\api\mapper\GoodsCategoryMapper.class]: Unsatisfied dependency expressed through bean property 'sqlSessionFactory'; nested exception is org.springframework.beans.factory.BeanCreationException: Error creating bean with name 'sqlSessionFactory' defined in class path resource [org/mybatis/spring/boot/autoconfigure/MybatisAutoConfiguration.class]: Bean instantiation via factory method failed; nested exception is org.springframework.beans.BeanInstantiationException: Failed to instantiate [org.apache.ibatis.session.SqlSessionFactory]: Factory method 'sqlSessionFactory' threw exception; nested exception is org.springframework.core.NestedIOException: Failed to parse mapping resource: 'file [D:\IdeaProjects\51token\token-api\target\classes\mappers\GoodsCategoryMapper.xml]'; nested exception is org.apache.ibatis.builder.BuilderException: Error parsing Mapper XML. The XML location is 'file [D:\IdeaProjects\51token\token-api\target\classes\mappers\GoodsCategoryMapper.xml]'. Cause: org.apache.ibatis.builder.BuilderException: Error resolving class. Cause: org.apache.ibatis.type.TypeException: Could not resolve type alias 'com.kingworld.miniprogram.api.entity.GoodsCategory'.  Cause: java.lang.ClassNotFoundException: Cannot find class: com.kingworld.miniprogram.api.entity.GoodsCategory
	at org.springframework.beans.factory.annotation.AutowiredAnnotationBeanPostProcessor$AutowiredFieldElement.inject(AutowiredAnnotationBeanPostProcessor.java:588)
	at org.springframework.beans.factory.annotation.InjectionMetadata.inject(InjectionMetadata.java:88)
	at org.springframework.beans.factory.annotation.AutowiredAnnotationBeanPostProcessor.postProcessPropertyValues(AutowiredAnnotationBeanPostProcessor.java:366)
	at org.springframework.beans.factory.support.AbstractAutowireCapableBeanFactory.populateBean(AbstractAutowireCapableBeanFactory.java:1272)
	at org.springframework.beans.factory.support.AbstractAutowireCapableBeanFactory.doCreateBean(AbstractAutowireCapableBeanFactory.java:553)
	at org.springframework.beans.factory.support.AbstractAutowireCapableBeanFactory.createBean(AbstractAutowireCapableBeanFactory.java:483)
	at org.springframework.beans.factory.support.AbstractBeanFactory$1.getObject(AbstractBeanFactory.java:312)
	at org.springframework.beans.factory.support.DefaultSingletonBeanRegistry.getSingleton(DefaultSingletonBeanRegistry.java:230)
	at org.springframework.beans.factory.support.AbstractBeanFactory.doGetBean(AbstractBeanFactory.java:308)
	at org.springframework.beans.factory.support.AbstractBeanFactory.getBean(AbstractBeanFactory.java:197)
	at org.springframework.beans.factory.support.DefaultListableBeanFactory.preInstantiateSingletons(DefaultListableBeanFactory.java:761)
	at org.springframework.context.support.AbstractApplicationContext.finishBeanFactoryInitialization(AbstractApplicationContext.java:867)
	at org.springframework.context.support.AbstractApplicationContext.refresh(AbstractApplicationContext.java:543)
	at org.springframework.boot.context.embedded.EmbeddedWebApplicationContext.refresh(EmbeddedWebApplicationContext.java:122)
	at org.springframework.boot.SpringApplication.refresh(SpringApplication.java:693)
	at org.springframework.boot.SpringApplication.refreshContext(SpringApplication.java:360)
	at org.springframework.boot.SpringApplication.run(SpringApplication.java:303)
	at org.springframework.boot.SpringApplication.run(SpringApplication.java:1118)
	at org.springframework.boot.SpringApplication.run(SpringApplication.java:1107)
	at com.sharex.token.api.TokenApiApplication.main(TokenApiApplication.java:10)
Caused by: org.springframework.beans.factory.UnsatisfiedDependencyException: Error creating bean with name 'goodsInfoService': Unsatisfied dependency expressed through field 'goodsCategoryMapper'; nested exception is org.springframework.beans.factory.UnsatisfiedDependencyException: Error creating bean with name 'goodsCategoryMapper' defined in file [D:\IdeaProjects\51token\token-api\target\classes\com\sharex\token\api\mapper\GoodsCategoryMapper.class]: Unsatisfied dependency expressed through bean property 'sqlSessionFactory'; nested exception is org.springframework.beans.factory.BeanCreationException: Error creating bean with name 'sqlSessionFactory' defined in class path resource [org/mybatis/spring/boot/autoconfigure/MybatisAutoConfiguration.class]: Bean instantiation via factory method failed; nested exception is org.springframework.beans.BeanInstantiationException: Failed to instantiate [org.apache.ibatis.session.SqlSessionFactory]: Factory method 'sqlSessionFactory' threw exception; nested exception is org.springframework.core.NestedIOException: Failed to parse mapping resource: 'file [D:\IdeaProjects\51token\token-api\target\classes\mappers\GoodsCategoryMapper.xml]'; nested exception is org.apache.ibatis.builder.BuilderException: Error parsing Mapper XML. The XML location is 'file [D:\IdeaProjects\51token\token-api\target\classes\mappers\GoodsCategoryMapper.xml]'. Cause: org.apache.ibatis.builder.BuilderException: Error resolving class. Cause: org.apache.ibatis.type.TypeException: Could not resolve type alias 'com.kingworld.miniprogram.api.entity.GoodsCategory'.  Cause: java.lang.ClassNotFoundException: Cannot find class: com.kingworld.miniprogram.api.entity.GoodsCategory
	at org.springframework.beans.factory.annotation.AutowiredAnnotationBeanPostProcessor$AutowiredFieldElement.inject(AutowiredAnnotationBeanPostProcessor.java:588)
	at org.springframework.beans.factory.annotation.InjectionMetadata.inject(InjectionMetadata.java:88)
	at org.springframework.beans.factory.annotation.AutowiredAnnotationBeanPostProcessor.postProcessPropertyValues(AutowiredAnnotationBeanPostProcessor.java:366)
	at org.springframework.beans.factory.support.AbstractAutowireCapableBeanFactory.populateBean(AbstractAutowireCapableBeanFactory.java:1272)
	at org.springframework.beans.factory.support.AbstractAutowireCapableBeanFactory.doCreateBean(AbstractAutowireCapableBeanFactory.java:553)
	at org.springframework.beans.factory.support.AbstractAutowireCapableBeanFactory.createBean(AbstractAutowireCapableBeanFactory.java:483)
	at org.springframework.beans.factory.support.AbstractBeanFactory$1.getObject(AbstractBeanFactory.java:312)
	at org.springframework.beans.factory.support.DefaultSingletonBeanRegistry.getSingleton(DefaultSingletonBeanRegistry.java:230)
	at org.springframework.beans.factory.support.AbstractBeanFactory.doGetBean(AbstractBeanFactory.java:308)
	at org.springframework.beans.factory.support.AbstractBeanFactory.getBean(AbstractBeanFactory.java:202)
	at org.springframework.beans.factory.config.DependencyDescriptor.resolveCandidate(DependencyDescriptor.java:208)
	at org.springframework.beans.factory.support.DefaultListableBeanFactory.doResolveDependency(DefaultListableBeanFactory.java:1138)
	at org.springframework.beans.factory.support.DefaultListableBeanFactory.resolveDependency(DefaultListableBeanFactory.java:1066)
	at org.springframework.beans.factory.annotation.AutowiredAnnotationBeanPostProcessor$AutowiredFieldElement.inject(AutowiredAnnotationBeanPostProcessor.java:585)
	... 19 more
Caused by: org.springframework.beans.factory.UnsatisfiedDependencyException: Error creating bean with name 'goodsCategoryMapper' defined in file [D:\IdeaProjects\51token\token-api\target\classes\com\sharex\token\api\mapper\GoodsCategoryMapper.class]: Unsatisfied dependency expressed through bean property 'sqlSessionFactory'; nested exception is org.springframework.beans.factory.BeanCreationException: Error creating bean with name 'sqlSessionFactory' defined in class path resource [org/mybatis/spring/boot/autoconfigure/MybatisAutoConfiguration.class]: Bean instantiation via factory method failed; nested exception is org.springframework.beans.BeanInstantiationException: Failed to instantiate [org.apache.ibatis.session.SqlSessionFactory]: Factory method 'sqlSessionFactory' threw exception; nested exception is org.springframework.core.NestedIOException: Failed to parse mapping resource: 'file [D:\IdeaProjects\51token\token-api\target\classes\mappers\GoodsCategoryMapper.xml]'; nested exception is org.apache.ibatis.builder.BuilderException: Error parsing Mapper XML. The XML location is 'file [D:\IdeaProjects\51token\token-api\target\classes\mappers\GoodsCategoryMapper.xml]'. Cause: org.apache.ibatis.builder.BuilderException: Error resolving class. Cause: org.apache.ibatis.type.TypeException: Could not resolve type alias 'com.kingworld.miniprogram.api.entity.GoodsCategory'.  Cause: java.lang.ClassNotFoundException: Cannot find class: com.kingworld.miniprogram.api.entity.GoodsCategory
	at org.springframework.beans.factory.support.AbstractAutowireCapableBeanFactory.autowireByType(AbstractAutowireCapableBeanFactory.java:1365)
	at org.springframework.beans.factory.support.AbstractAutowireCapableBeanFactory.populateBean(AbstractAutowireCapableBeanFactory.java:1257)
	at org.springframework.beans.factory.support.AbstractAutowireCapableBeanFactory.doCreateBean(AbstractAutowireCapableBeanFactory.java:553)
	at org.springframework.beans.factory.support.AbstractAutowireCapableBeanFactory.createBean(AbstractAutowireCapableBeanFactory.java:483)
	at org.springframework.beans.factory.support.AbstractBeanFactory$1.getObject(AbstractBeanFactory.java:312)
	at org.springframework.beans.factory.support.DefaultSingletonBeanRegistry.getSingleton(DefaultSingletonBeanRegistry.java:230)
	at org.springframework.beans.factory.support.AbstractBeanFactory.doGetBean(AbstractBeanFactory.java:308)
	at org.springframework.beans.factory.support.AbstractBeanFactory.getBean(AbstractBeanFactory.java:202)
	at org.springframework.beans.factory.config.DependencyDescriptor.resolveCandidate(DependencyDescriptor.java:208)
	at org.springframework.beans.factory.support.DefaultListableBeanFactory.doResolveDependency(DefaultListableBeanFactory.java:1138)
	at org.springframework.beans.factory.support.DefaultListableBeanFactory.resolveDependency(DefaultListableBeanFactory.java:1066)
	at org.springframework.beans.factory.annotation.AutowiredAnnotationBeanPostProcessor$AutowiredFieldElement.inject(AutowiredAnnotationBeanPostProcessor.java:585)
	... 32 more
Caused by: org.springframework.beans.factory.BeanCreationException: Error creating bean with name 'sqlSessionFactory' defined in class path resource [org/mybatis/spring/boot/autoconfigure/MybatisAutoConfiguration.class]: Bean instantiation via factory method failed; nested exception is org.springframework.beans.BeanInstantiationException: Failed to instantiate [org.apache.ibatis.session.SqlSessionFactory]: Factory method 'sqlSessionFactory' threw exception; nested exception is org.springframework.core.NestedIOException: Failed to parse mapping resource: 'file [D:\IdeaProjects\51token\token-api\target\classes\mappers\GoodsCategoryMapper.xml]'; nested exception is org.apache.ibatis.builder.BuilderException: Error parsing Mapper XML. The XML location is 'file [D:\IdeaProjects\51token\token-api\target\classes\mappers\GoodsCategoryMapper.xml]'. Cause: org.apache.ibatis.builder.BuilderException: Error resolving class. Cause: org.apache.ibatis.type.TypeException: Could not resolve type alias 'com.kingworld.miniprogram.api.entity.GoodsCategory'.  Cause: java.lang.ClassNotFoundException: Cannot find class: com.kingworld.miniprogram.api.entity.GoodsCategory
	at org.springframework.beans.factory.support.ConstructorResolver.instantiateUsingFactoryMethod(ConstructorResolver.java:599)
	at org.springframework.beans.factory.support.AbstractAutowireCapableBeanFactory.instantiateUsingFactoryMethod(AbstractAutowireCapableBeanFactory.java:1181)
	at org.springframework.beans.factory.support.AbstractAutowireCapableBeanFactory.createBeanInstance(AbstractAutowireCapableBeanFactory.java:1075)
	at org.springframework.beans.factory.support.AbstractAutowireCapableBeanFactory.doCreateBean(AbstractAutowireCapableBeanFactory.java:513)
	at org.springframework.beans.factory.support.AbstractAutowireCapableBeanFactory.createBean(AbstractAutowireCapableBeanFactory.java:483)
	at org.springframework.beans.factory.support.AbstractBeanFactory$1.getObject(AbstractBeanFactory.java:312)
	at org.springframework.beans.factory.support.DefaultSingletonBeanRegistry.getSingleton(DefaultSingletonBeanRegistry.java:230)
	at org.springframework.beans.factory.support.AbstractBeanFactory.doGetBean(AbstractBeanFactory.java:308)
	at org.springframework.beans.factory.support.AbstractBeanFactory.getBean(AbstractBeanFactory.java:202)
	at org.springframework.beans.factory.config.DependencyDescriptor.resolveCandidate(DependencyDescriptor.java:208)
	at org.springframework.beans.factory.support.DefaultListableBeanFactory.doResolveDependency(DefaultListableBeanFactory.java:1138)
	at org.springframework.beans.factory.support.DefaultListableBeanFactory.resolveDependency(DefaultListableBeanFactory.java:1066)
	at org.springframework.beans.factory.support.AbstractAutowireCapableBeanFactory.autowireByType(AbstractAutowireCapableBeanFactory.java:1350)
	... 43 more
Caused by: org.springframework.beans.BeanInstantiationException: Failed to instantiate [org.apache.ibatis.session.SqlSessionFactory]: Factory method 'sqlSessionFactory' threw exception; nested exception is org.springframework.core.NestedIOException: Failed to parse mapping resource: 'file [D:\IdeaProjects\51token\token-api\target\classes\mappers\GoodsCategoryMapper.xml]'; nested exception is org.apache.ibatis.builder.BuilderException: Error parsing Mapper XML. The XML location is 'file [D:\IdeaProjects\51token\token-api\target\classes\mappers\GoodsCategoryMapper.xml]'. Cause: org.apache.ibatis.builder.BuilderException: Error resolving class. Cause: org.apache.ibatis.type.TypeException: Could not resolve type alias 'com.kingworld.miniprogram.api.entity.GoodsCategory'.  Cause: java.lang.ClassNotFoundException: Cannot find class: com.kingworld.miniprogram.api.entity.GoodsCategory
	at org.springframework.beans.factory.support.SimpleInstantiationStrategy.instantiate(SimpleInstantiationStrategy.java:189)
	at org.springframework.beans.factory.support.ConstructorResolver.instantiateUsingFactoryMethod(ConstructorResolver.java:588)
	... 55 more
Caused by: org.springframework.core.NestedIOException: Failed to parse mapping resource: 'file [D:\IdeaProjects\51token\token-api\target\classes\mappers\GoodsCategoryMapper.xml]'; nested exception is org.apache.ibatis.builder.BuilderException: Error parsing Mapper XML. The XML location is 'file [D:\IdeaProjects\51token\token-api\target\classes\mappers\GoodsCategoryMapper.xml]'. Cause: org.apache.ibatis.builder.BuilderException: Error resolving class. Cause: org.apache.ibatis.type.TypeException: Could not resolve type alias 'com.kingworld.miniprogram.api.entity.GoodsCategory'.  Cause: java.lang.ClassNotFoundException: Cannot find class: com.kingworld.miniprogram.api.entity.GoodsCategory
	at org.mybatis.spring.SqlSessionFactoryBean.buildSqlSessionFactory(SqlSessionFactoryBean.java:523)
	at org.mybatis.spring.SqlSessionFactoryBean.afterPropertiesSet(SqlSessionFactoryBean.java:380)
	at org.mybatis.spring.SqlSessionFactoryBean.getObject(SqlSessionFactoryBean.java:547)
	at org.mybatis.spring.boot.autoconfigure.MybatisAutoConfiguration.sqlSessionFactory(MybatisAutoConfiguration.java:153)
	at org.mybatis.spring.boot.autoconfigure.MybatisAutoConfiguration$$EnhancerBySpringCGLIB$$ef44c986.CGLIB$sqlSessionFactory$0(<generated>)
	at org.mybatis.spring.boot.autoconfigure.MybatisAutoConfiguration$$EnhancerBySpringCGLIB$$ef44c986$$FastClassBySpringCGLIB$$3a442a43.invoke(<generated>)
	at org.springframework.cglib.proxy.MethodProxy.invokeSuper(MethodProxy.java:228)
	at org.springframework.context.annotation.ConfigurationClassEnhancer$BeanMethodInterceptor.intercept(ConfigurationClassEnhancer.java:358)
	at org.mybatis.spring.boot.autoconfigure.MybatisAutoConfiguration$$EnhancerBySpringCGLIB$$ef44c986.sqlSessionFactory(<generated>)
	at sun.reflect.NativeMethodAccessorImpl.invoke0(Native Method)
	at sun.reflect.NativeMethodAccessorImpl.invoke(NativeMethodAccessorImpl.java:62)
	at sun.reflect.DelegatingMethodAccessorImpl.invoke(DelegatingMethodAccessorImpl.java:43)
	at java.lang.reflect.Method.invoke(Method.java:497)
	at org.springframework.beans.factory.support.SimpleInstantiationStrategy.instantiate(SimpleInstantiationStrategy.java:162)
	... 56 more
Caused by: org.apache.ibatis.builder.BuilderException: Error parsing Mapper XML. The XML location is 'file [D:\IdeaProjects\51token\token-api\target\classes\mappers\GoodsCategoryMapper.xml]'. Cause: org.apache.ibatis.builder.BuilderException: Error resolving class. Cause: org.apache.ibatis.type.TypeException: Could not resolve type alias 'com.kingworld.miniprogram.api.entity.GoodsCategory'.  Cause: java.lang.ClassNotFoundException: Cannot find class: com.kingworld.miniprogram.api.entity.GoodsCategory
	at org.apache.ibatis.builder.xml.XMLMapperBuilder.configurationElement(XMLMapperBuilder.java:120)
	at org.apache.ibatis.builder.xml.XMLMapperBuilder.parse(XMLMapperBuilder.java:92)
	at org.mybatis.spring.SqlSessionFactoryBean.buildSqlSessionFactory(SqlSessionFactoryBean.java:521)
	... 69 more
Caused by: org.apache.ibatis.builder.BuilderException: Error resolving class. Cause: org.apache.ibatis.type.TypeException: Could not resolve type alias 'com.kingworld.miniprogram.api.entity.GoodsCategory'.  Cause: java.lang.ClassNotFoundException: Cannot find class: com.kingworld.miniprogram.api.entity.GoodsCategory
	at org.apache.ibatis.builder.BaseBuilder.resolveClass(BaseBuilder.java:118)
	at org.apache.ibatis.builder.xml.XMLMapperBuilder.resultMapElement(XMLMapperBuilder.java:265)
	at org.apache.ibatis.builder.xml.XMLMapperBuilder.resultMapElement(XMLMapperBuilder.java:252)
	at org.apache.ibatis.builder.xml.XMLMapperBuilder.resultMapElements(XMLMapperBuilder.java:244)
	at org.apache.ibatis.builder.xml.XMLMapperBuilder.configurationElement(XMLMapperBuilder.java:116)
	... 71 more
Caused by: org.apache.ibatis.type.TypeException: Could not resolve type alias 'com.kingworld.miniprogram.api.entity.GoodsCategory'.  Cause: java.lang.ClassNotFoundException: Cannot find class: com.kingworld.miniprogram.api.entity.GoodsCategory
	at org.apache.ibatis.type.TypeAliasRegistry.resolveAlias(TypeAliasRegistry.java:120)
	at org.apache.ibatis.builder.BaseBuilder.resolveAlias(BaseBuilder.java:149)
	at org.apache.ibatis.builder.BaseBuilder.resolveClass(BaseBuilder.java:116)
	... 75 more
Caused by: java.lang.ClassNotFoundException: Cannot find class: com.kingworld.miniprogram.api.entity.GoodsCategory
	at org.apache.ibatis.io.ClassLoaderWrapper.classForName(ClassLoaderWrapper.java:200)
	at org.apache.ibatis.io.ClassLoaderWrapper.classForName(ClassLoaderWrapper.java:89)
	at org.apache.ibatis.io.Resources.classForName(Resources.java:261)
	at org.apache.ibatis.type.TypeAliasRegistry.resolveAlias(TypeAliasRegistry.java:116)
	... 77 more
2018-07-17 20:19:11,324  INFO TokenApiApplication:48 - Starting TokenApiApplication on DESKTOP-CMKAAVP with PID 8408 (D:\IdeaProjects\51token\token-api\target\classes started by TQ in D:\IdeaProjects\51token)
2018-07-17 20:19:11,343 DEBUG TokenApiApplication:51 - Running with Spring Boot v1.5.14.RELEASE, Spring v4.3.18.RELEASE
2018-07-17 20:19:11,344  INFO TokenApiApplication:597 - The following profiles are active: dev
2018-07-17 20:19:11,534  INFO AnnotationConfigEmbeddedWebApplicationContext:583 - Refreshing org.springframework.boot.context.embedded.AnnotationConfigEmbeddedWebApplicationContext@78186a70: startup date [Tue Jul 17 20:19:11 CST 2018]; root of context hierarchy
2018-07-17 20:19:11,893  INFO Version:30 - HV000001: Hibernate Validator 5.3.6.Final
2018-07-17 20:19:13,165  INFO PostProcessorRegistrationDelegate$BeanPostProcessorChecker:327 - Bean 'org.springframework.transaction.annotation.ProxyTransactionManagementConfiguration' of type [org.springframework.transaction.annotation.ProxyTransactionManagementConfiguration$$EnhancerBySpringCGLIB$$a88d5387] is not eligible for getting processed by all BeanPostProcessors (for example: not eligible for auto-proxying)
2018-07-17 20:19:13,588  INFO TomcatEmbeddedServletContainer:92 - Tomcat initialized with port(s): 8080 (http)
2018-07-17 20:19:13,737  INFO ContextLoader:276 - Root WebApplicationContext: initialization completed in 2210 ms
2018-07-17 20:19:13,913  INFO ServletRegistrationBean:191 - Mapping servlet: 'dispatcherServlet' to [/]
2018-07-17 20:19:13,917  INFO FilterRegistrationBean:259 - Mapping filter: 'characterEncodingFilter' to: [/*]
2018-07-17 20:19:13,918  INFO FilterRegistrationBean:259 - Mapping filter: 'hiddenHttpMethodFilter' to: [/*]
2018-07-17 20:19:13,918  INFO FilterRegistrationBean:259 - Mapping filter: 'httpPutFormContentFilter' to: [/*]
2018-07-17 20:19:13,918  INFO FilterRegistrationBean:259 - Mapping filter: 'requestContextFilter' to: [/*]
2018-07-17 20:19:14,729  INFO RequestMappingHandlerMapping:543 - Mapped "{[/loginbypassword],methods=[POST]}" onto public com.sharex.token.api.entity.RESTful com.sharex.token.api.controller.LoginController.loginByPassword(com.sharex.token.api.entity.req.PasswordLogin)
2018-07-17 20:19:14,730  INFO RequestMappingHandlerMapping:543 - Mapped "{[/loginbysmscode],methods=[POST]}" onto public com.sharex.token.api.entity.RESTful com.sharex.token.api.controller.LoginController.loginBySMSCode(com.sharex.token.api.entity.req.SMSCodeLogin)
2018-07-17 20:19:14,736  INFO RequestMappingHandlerMapping:543 - Mapped "{[/swagger-resources/configuration/security]}" onto public org.springframework.http.ResponseEntity<springfox.documentation.swagger.web.SecurityConfiguration> springfox.documentation.swagger.web.ApiResourceController.securityConfiguration()
2018-07-17 20:19:14,738  INFO RequestMappingHandlerMapping:543 - Mapped "{[/swagger-resources]}" onto public org.springframework.http.ResponseEntity<java.util.List<springfox.documentation.swagger.web.SwaggerResource>> springfox.documentation.swagger.web.ApiResourceController.swaggerResources()
2018-07-17 20:19:14,739  INFO RequestMappingHandlerMapping:543 - Mapped "{[/swagger-resources/configuration/ui]}" onto public org.springframework.http.ResponseEntity<springfox.documentation.swagger.web.UiConfiguration> springfox.documentation.swagger.web.ApiResourceController.uiConfiguration()
2018-07-17 20:19:14,743  INFO RequestMappingHandlerMapping:543 - Mapped "{[/error]}" onto public org.springframework.http.ResponseEntity<java.util.Map<java.lang.String, java.lang.Object>> org.springframework.boot.autoconfigure.web.BasicErrorController.error(javax.servlet.http.HttpServletRequest)
2018-07-17 20:19:14,743  INFO RequestMappingHandlerMapping:543 - Mapped "{[/error],produces=[text/html]}" onto public org.springframework.web.servlet.ModelAndView org.springframework.boot.autoconfigure.web.BasicErrorController.errorHtml(javax.servlet.http.HttpServletRequest,javax.servlet.http.HttpServletResponse)
2018-07-17 20:19:14,883  INFO PropertySourcedRequestMappingHandlerMapping:69 - Mapped URL path [/v2/api-docs] onto method [public org.springframework.http.ResponseEntity<springfox.documentation.spring.web.json.Json> springfox.documentation.swagger2.web.Swagger2Controller.getDocumentation(java.lang.String,javax.servlet.http.HttpServletRequest)]
2018-07-17 20:19:15,112  INFO RequestMappingHandlerAdapter:534 - Looking for @ControllerAdvice: org.springframework.boot.context.embedded.AnnotationConfigEmbeddedWebApplicationContext@78186a70: startup date [Tue Jul 17 20:19:11 CST 2018]; root of context hierarchy
2018-07-17 20:19:15,180  INFO SimpleUrlHandlerMapping:362 - Mapped URL path [/webjars/**] onto handler of type [class org.springframework.web.servlet.resource.ResourceHttpRequestHandler]
2018-07-17 20:19:15,180  INFO SimpleUrlHandlerMapping:362 - Mapped URL path [/**] onto handler of type [class org.springframework.web.servlet.resource.ResourceHttpRequestHandler]
2018-07-17 20:19:15,215  INFO SimpleUrlHandlerMapping:362 - Mapped URL path [/**/favicon.ico] onto handler of type [class org.springframework.web.servlet.resource.ResourceHttpRequestHandler]
2018-07-17 20:19:15,475  INFO AnnotationMBeanExporter:431 - Registering beans for JMX exposure on startup
2018-07-17 20:19:15,486  INFO DefaultLifecycleProcessor:341 - Starting beans in phase 2147483647
2018-07-17 20:19:15,486  INFO DocumentationPluginsBootstrapper:147 - Context refreshed
2018-07-17 20:19:15,506  INFO DocumentationPluginsBootstrapper:150 - Found 1 custom documentation plugin(s)
2018-07-17 20:19:15,547  INFO ApiListingReferenceScanner:41 - Scanning for api listing references
2018-07-17 20:19:15,721  INFO TomcatEmbeddedServletContainer:216 - Tomcat started on port(s): 8080 (http)
2018-07-17 20:19:15,727  INFO TokenApiApplication:57 - Started TokenApiApplication in 4.801 seconds (JVM running for 5.938)
2018-07-17 20:19:28,833  INFO DispatcherServlet:489 - FrameworkServlet 'dispatcherServlet': initialization started
2018-07-17 20:19:28,866  INFO DispatcherServlet:508 - FrameworkServlet 'dispatcherServlet': initialization completed in 33 ms
2018-07-17 20:20:04,890  INFO TokenApiApplication:48 - Starting TokenApiApplication on DESKTOP-CMKAAVP with PID 9164 (D:\IdeaProjects\51token\token-api\target\classes started by TQ in D:\IdeaProjects\51token)
2018-07-17 20:20:04,893 DEBUG TokenApiApplication:51 - Running with Spring Boot v1.5.14.RELEASE, Spring v4.3.18.RELEASE
2018-07-17 20:20:04,894  INFO TokenApiApplication:597 - The following profiles are active: dev
2018-07-17 20:20:05,038  INFO AnnotationConfigEmbeddedWebApplicationContext:583 - Refreshing org.springframework.boot.context.embedded.AnnotationConfigEmbeddedWebApplicationContext@78186a70: startup date [Tue Jul 17 20:20:05 CST 2018]; root of context hierarchy
2018-07-17 20:20:05,411  INFO Version:30 - HV000001: Hibernate Validator 5.3.6.Final
2018-07-17 20:20:06,689  INFO PostProcessorRegistrationDelegate$BeanPostProcessorChecker:327 - Bean 'org.springframework.transaction.annotation.ProxyTransactionManagementConfiguration' of type [org.springframework.transaction.annotation.ProxyTransactionManagementConfiguration$$EnhancerBySpringCGLIB$$42a62c85] is not eligible for getting processed by all BeanPostProcessors (for example: not eligible for auto-proxying)
2018-07-17 20:20:07,090  INFO TomcatEmbeddedServletContainer:92 - Tomcat initialized with port(s): 8080 (http)
2018-07-17 20:20:07,248  INFO ContextLoader:276 - Root WebApplicationContext: initialization completed in 2248 ms
2018-07-17 20:20:07,441  INFO ServletRegistrationBean:191 - Mapping servlet: 'dispatcherServlet' to [/]
2018-07-17 20:20:07,445  INFO FilterRegistrationBean:259 - Mapping filter: 'characterEncodingFilter' to: [/*]
2018-07-17 20:20:07,446  INFO FilterRegistrationBean:259 - Mapping filter: 'hiddenHttpMethodFilter' to: [/*]
2018-07-17 20:20:07,446  INFO FilterRegistrationBean:259 - Mapping filter: 'httpPutFormContentFilter' to: [/*]
2018-07-17 20:20:07,447  INFO FilterRegistrationBean:259 - Mapping filter: 'requestContextFilter' to: [/*]
2018-07-17 20:20:08,227  INFO RequestMappingHandlerMapping:543 - Mapped "{[/loginbypassword],methods=[POST]}" onto public com.sharex.token.api.entity.RESTful com.sharex.token.api.controller.LoginController.loginByPassword(com.sharex.token.api.entity.req.PasswordLogin)
2018-07-17 20:20:08,228  INFO RequestMappingHandlerMapping:543 - Mapped "{[/loginbysmscode],methods=[POST]}" onto public com.sharex.token.api.entity.RESTful com.sharex.token.api.controller.LoginController.loginBySMSCode(com.sharex.token.api.entity.req.SMSCodeLogin)
2018-07-17 20:20:08,234  INFO RequestMappingHandlerMapping:543 - Mapped "{[/swagger-resources/configuration/ui]}" onto public org.springframework.http.ResponseEntity<springfox.documentation.swagger.web.UiConfiguration> springfox.documentation.swagger.web.ApiResourceController.uiConfiguration()
2018-07-17 20:20:08,236  INFO RequestMappingHandlerMapping:543 - Mapped "{[/swagger-resources]}" onto public org.springframework.http.ResponseEntity<java.util.List<springfox.documentation.swagger.web.SwaggerResource>> springfox.documentation.swagger.web.ApiResourceController.swaggerResources()
2018-07-17 20:20:08,237  INFO RequestMappingHandlerMapping:543 - Mapped "{[/swagger-resources/configuration/security]}" onto public org.springframework.http.ResponseEntity<springfox.documentation.swagger.web.SecurityConfiguration> springfox.documentation.swagger.web.ApiResourceController.securityConfiguration()
2018-07-17 20:20:08,241  INFO RequestMappingHandlerMapping:543 - Mapped "{[/error]}" onto public org.springframework.http.ResponseEntity<java.util.Map<java.lang.String, java.lang.Object>> org.springframework.boot.autoconfigure.web.BasicErrorController.error(javax.servlet.http.HttpServletRequest)
2018-07-17 20:20:08,242  INFO RequestMappingHandlerMapping:543 - Mapped "{[/error],produces=[text/html]}" onto public org.springframework.web.servlet.ModelAndView org.springframework.boot.autoconfigure.web.BasicErrorController.errorHtml(javax.servlet.http.HttpServletRequest,javax.servlet.http.HttpServletResponse)
2018-07-17 20:20:08,372  INFO PropertySourcedRequestMappingHandlerMapping:69 - Mapped URL path [/v2/api-docs] onto method [public org.springframework.http.ResponseEntity<springfox.documentation.spring.web.json.Json> springfox.documentation.swagger2.web.Swagger2Controller.getDocumentation(java.lang.String,javax.servlet.http.HttpServletRequest)]
2018-07-17 20:20:08,609  INFO RequestMappingHandlerAdapter:534 - Looking for @ControllerAdvice: org.springframework.boot.context.embedded.AnnotationConfigEmbeddedWebApplicationContext@78186a70: startup date [Tue Jul 17 20:20:05 CST 2018]; root of context hierarchy
2018-07-17 20:20:08,657  INFO SimpleUrlHandlerMapping:362 - Mapped URL path [/webjars/**] onto handler of type [class org.springframework.web.servlet.resource.ResourceHttpRequestHandler]
2018-07-17 20:20:08,658  INFO SimpleUrlHandlerMapping:362 - Mapped URL path [/**] onto handler of type [class org.springframework.web.servlet.resource.ResourceHttpRequestHandler]
2018-07-17 20:20:08,694  INFO SimpleUrlHandlerMapping:362 - Mapped URL path [/**/favicon.ico] onto handler of type [class org.springframework.web.servlet.resource.ResourceHttpRequestHandler]
2018-07-17 20:20:08,929  INFO AnnotationMBeanExporter:431 - Registering beans for JMX exposure on startup
2018-07-17 20:20:08,938  INFO DefaultLifecycleProcessor:341 - Starting beans in phase 2147483647
2018-07-17 20:20:08,938  INFO DocumentationPluginsBootstrapper:147 - Context refreshed
2018-07-17 20:20:08,954  INFO DocumentationPluginsBootstrapper:150 - Found 1 custom documentation plugin(s)
2018-07-17 20:20:08,985  INFO ApiListingReferenceScanner:41 - Scanning for api listing references
2018-07-17 20:20:09,140  INFO TomcatEmbeddedServletContainer:216 - Tomcat started on port(s): 8080 (http)
2018-07-17 20:20:09,147  INFO TokenApiApplication:57 - Started TokenApiApplication in 4.634 seconds (JVM running for 5.651)
2018-07-17 20:20:12,686  INFO DispatcherServlet:489 - FrameworkServlet 'dispatcherServlet': initialization started
2018-07-17 20:20:12,711  INFO DispatcherServlet:508 - FrameworkServlet 'dispatcherServlet': initialization completed in 25 ms
